2025-07-31 17:49:33 [main] INFO  com.iween.testCases.TC_01_AjayModi_Login - Operating System: Windows
2025-07-31 17:49:33 [main] INFO  com.iween.testCases.TC_01_AjayModi_Login - Browser: chrome
2025-07-31 17:49:34 [main] INFO  com.iween.testCases.TC_02_AjayModi_Login1 - Operating System: Windows
2025-07-31 17:49:34 [main] INFO  com.iween.testCases.TC_02_AjayModi_Login1 - Browser: chrome
2025-07-31 17:49:34 [main] INFO  com.iween.testCases.TC_03_AjayModi_Login3 - Operating System: Windows
2025-07-31 17:49:34 [main] INFO  com.iween.testCases.TC_03_AjayModi_Login3 - Browser: chrome
2025-07-31 17:52:15 [main] INFO  com.iween.testCases.TC_01_AjayModi_Login - Operating System: Windows
2025-07-31 17:52:15 [main] INFO  com.iween.testCases.TC_01_AjayModi_Login - Browser: chrome
2025-07-31 17:52:16 [main] INFO  com.iween.testCases.TC_02_AjayModi_Login1 - Operating System: Windows
2025-07-31 17:52:16 [main] INFO  com.iween.testCases.TC_02_AjayModi_Login1 - Browser: chrome
2025-07-31 17:52:17 [main] INFO  com.iween.testCases.TC_03_AjayModi_Login3 - Operating System: Windows
2025-07-31 17:52:17 [main] INFO  com.iween.testCases.TC_03_AjayModi_Login3 - Browser: chrome
2025-07-31 17:57:02 [main] INFO  com.iween.testCases.TC_01_AjayModi_Login - Operating System: Windows
2025-07-31 17:57:02 [main] INFO  com.iween.testCases.TC_01_AjayModi_Login - Browser: chrome
2025-07-31 17:57:02 [main] INFO  com.iween.testCases.TC_01_AjayModi_Login - env
2025-07-31 17:57:02 [main] INFO  com.iween.testCases.TC_01_AjayModi_Login - remote
2025-07-31 17:57:03 [main] INFO  com.iween.testCases.TC_02_AjayModi_Login1 - Operating System: Windows
2025-07-31 17:57:03 [main] INFO  com.iween.testCases.TC_02_AjayModi_Login1 - Browser: chrome
2025-07-31 17:57:03 [main] INFO  com.iween.testCases.TC_02_AjayModi_Login1 - env
2025-07-31 17:57:03 [main] INFO  com.iween.testCases.TC_02_AjayModi_Login1 - remote
2025-07-31 17:57:04 [main] INFO  com.iween.testCases.TC_03_AjayModi_Login3 - Operating System: Windows
2025-07-31 17:57:04 [main] INFO  com.iween.testCases.TC_03_AjayModi_Login3 - Browser: chrome
2025-07-31 17:57:04 [main] INFO  com.iween.testCases.TC_03_AjayModi_Login3 - env
2025-07-31 17:57:04 [main] INFO  com.iween.testCases.TC_03_AjayModi_Login3 - remote
2025-07-31 18:03:39 [main] INFO  com.iween.testCases.TC_01_AjayModi_Login - Operating System: Windows
2025-07-31 18:03:39 [main] INFO  com.iween.testCases.TC_01_AjayModi_Login - Browser: chrome
2025-07-31 18:03:39 [main] INFO  com.iween.testCases.TC_01_AjayModi_Login - env
2025-07-31 18:03:39 [main] INFO  com.iween.testCases.TC_01_AjayModi_Login - remote
2025-07-31 18:03:39 [main] INFO  com.iween.testCases.TC_01_AjayModi_Login - browser
2025-07-31 18:03:40 [main] INFO  com.iween.testCases.TC_02_AjayModi_Login1 - Operating System: Windows
2025-07-31 18:03:40 [main] INFO  com.iween.testCases.TC_02_AjayModi_Login1 - Browser: chrome
2025-07-31 18:03:40 [main] INFO  com.iween.testCases.TC_02_AjayModi_Login1 - env
2025-07-31 18:03:40 [main] INFO  com.iween.testCases.TC_02_AjayModi_Login1 - remote
2025-07-31 18:03:40 [main] INFO  com.iween.testCases.TC_02_AjayModi_Login1 - browser
2025-07-31 18:03:40 [main] INFO  com.iween.testCases.TC_03_AjayModi_Login3 - Operating System: Windows
2025-07-31 18:03:40 [main] INFO  com.iween.testCases.TC_03_AjayModi_Login3 - Browser: chrome
2025-07-31 18:03:40 [main] INFO  com.iween.testCases.TC_03_AjayModi_Login3 - env
2025-07-31 18:03:40 [main] INFO  com.iween.testCases.TC_03_AjayModi_Login3 - remote
2025-07-31 18:03:40 [main] INFO  com.iween.testCases.TC_03_AjayModi_Login3 - browser
2025-07-31 18:03:46 [main] INFO  com.iween.testCases.TC_01_AjayModi_Login - Operating System: Windows
2025-07-31 18:03:46 [main] INFO  com.iween.testCases.TC_01_AjayModi_Login - Browser: chrome
2025-07-31 18:03:46 [main] INFO  com.iween.testCases.TC_01_AjayModi_Login - env
2025-07-31 18:03:46 [main] INFO  com.iween.testCases.TC_01_AjayModi_Login - remote
2025-07-31 18:03:46 [main] INFO  com.iween.testCases.TC_01_AjayModi_Login - browser
2025-07-31 18:03:47 [main] INFO  com.iween.testCases.TC_02_AjayModi_Login1 - Operating System: Windows
2025-07-31 18:03:47 [main] INFO  com.iween.testCases.TC_02_AjayModi_Login1 - Browser: chrome
2025-07-31 18:03:47 [main] INFO  com.iween.testCases.TC_02_AjayModi_Login1 - env
2025-07-31 18:03:47 [main] INFO  com.iween.testCases.TC_02_AjayModi_Login1 - remote
2025-07-31 18:03:47 [main] INFO  com.iween.testCases.TC_02_AjayModi_Login1 - browser
2025-07-31 18:03:48 [main] INFO  com.iween.testCases.TC_03_AjayModi_Login3 - Operating System: Windows
2025-07-31 18:03:48 [main] INFO  com.iween.testCases.TC_03_AjayModi_Login3 - Browser: chrome
2025-07-31 18:03:48 [main] INFO  com.iween.testCases.TC_03_AjayModi_Login3 - env
2025-07-31 18:03:48 [main] INFO  com.iween.testCases.TC_03_AjayModi_Login3 - remote
2025-07-31 18:03:48 [main] INFO  com.iween.testCases.TC_03_AjayModi_Login3 - browser
2025-07-31 18:06:11 [main] INFO  com.iween.testCases.TC_01_AjayModi_Login - Operating System: Windows
2025-07-31 18:06:11 [main] INFO  com.iween.testCases.TC_01_AjayModi_Login - Browser: chrome
2025-07-31 18:06:11 [main] INFO  com.iween.testCases.TC_01_AjayModi_Login - env
2025-07-31 18:06:11 [main] INFO  com.iween.testCases.TC_01_AjayModi_Login - remote
2025-07-31 18:06:11 [main] INFO  com.iween.testCases.TC_01_AjayModi_Login - local browser
2025-07-31 18:06:12 [main] INFO  com.iween.testCases.TC_02_AjayModi_Login1 - Operating System: Windows
2025-07-31 18:06:12 [main] INFO  com.iween.testCases.TC_02_AjayModi_Login1 - Browser: chrome
2025-07-31 18:06:12 [main] INFO  com.iween.testCases.TC_02_AjayModi_Login1 - env
2025-07-31 18:06:12 [main] INFO  com.iween.testCases.TC_02_AjayModi_Login1 - remote
2025-07-31 18:06:12 [main] INFO  com.iween.testCases.TC_02_AjayModi_Login1 - local browser
2025-07-31 18:06:13 [main] INFO  com.iween.testCases.TC_03_AjayModi_Login3 - Operating System: Windows
2025-07-31 18:06:13 [main] INFO  com.iween.testCases.TC_03_AjayModi_Login3 - Browser: chrome
2025-07-31 18:06:13 [main] INFO  com.iween.testCases.TC_03_AjayModi_Login3 - env
2025-07-31 18:06:13 [main] INFO  com.iween.testCases.TC_03_AjayModi_Login3 - remote
2025-07-31 18:06:13 [main] INFO  com.iween.testCases.TC_03_AjayModi_Login3 - local browser
2025-07-31 18:08:39 [main] INFO  com.iween.testCases.TC_01_AjayModi_Login - Operating System: Windows
2025-07-31 18:08:39 [main] INFO  com.iween.testCases.TC_01_AjayModi_Login - Browser: chrome
2025-07-31 18:08:39 [main] INFO  com.iween.testCases.TC_01_AjayModi_Login - env
2025-07-31 18:08:39 [main] INFO  com.iween.testCases.TC_01_AjayModi_Login - remote
2025-07-31 18:08:39 [main] INFO  com.iween.testCases.TC_01_AjayModi_Login - local browser
2025-07-31 18:08:39 [main] INFO  com.iween.testCases.TC_01_AjayModi_Login - chrome browser
2025-07-31 18:08:39 [main] INFO  com.iween.testCases.TC_01_AjayModi_Login - chrome browser arg
2025-07-31 18:08:39 [main] INFO  com.iween.testCases.TC_01_AjayModi_Login - local chrome browser driver
2025-07-31 18:08:40 [main] INFO  com.iween.testCases.TC_02_AjayModi_Login1 - Operating System: Windows
2025-07-31 18:08:40 [main] INFO  com.iween.testCases.TC_02_AjayModi_Login1 - Browser: chrome
2025-07-31 18:08:40 [main] INFO  com.iween.testCases.TC_02_AjayModi_Login1 - env
2025-07-31 18:08:40 [main] INFO  com.iween.testCases.TC_02_AjayModi_Login1 - remote
2025-07-31 18:08:40 [main] INFO  com.iween.testCases.TC_02_AjayModi_Login1 - local browser
2025-07-31 18:08:40 [main] INFO  com.iween.testCases.TC_02_AjayModi_Login1 - chrome browser
2025-07-31 18:08:40 [main] INFO  com.iween.testCases.TC_02_AjayModi_Login1 - chrome browser arg
2025-07-31 18:08:40 [main] INFO  com.iween.testCases.TC_02_AjayModi_Login1 - local chrome browser driver
2025-07-31 18:08:40 [main] INFO  com.iween.testCases.TC_03_AjayModi_Login3 - Operating System: Windows
2025-07-31 18:08:40 [main] INFO  com.iween.testCases.TC_03_AjayModi_Login3 - Browser: chrome
2025-07-31 18:08:40 [main] INFO  com.iween.testCases.TC_03_AjayModi_Login3 - env
2025-07-31 18:08:40 [main] INFO  com.iween.testCases.TC_03_AjayModi_Login3 - remote
2025-07-31 18:08:40 [main] INFO  com.iween.testCases.TC_03_AjayModi_Login3 - local browser
2025-07-31 18:08:40 [main] INFO  com.iween.testCases.TC_03_AjayModi_Login3 - chrome browser
2025-07-31 18:08:40 [main] INFO  com.iween.testCases.TC_03_AjayModi_Login3 - chrome browser arg
2025-07-31 18:08:40 [main] INFO  com.iween.testCases.TC_03_AjayModi_Login3 - local chrome browser driver
2025-07-31 18:10:33 [main] INFO  com.iween.testCases.TC_01_AjayModi_Login - Operating System: Windows
2025-07-31 18:10:33 [main] INFO  com.iween.testCases.TC_01_AjayModi_Login - Browser: chrome
2025-07-31 18:10:33 [main] INFO  com.iween.testCases.TC_01_AjayModi_Login - env
2025-07-31 18:10:33 [main] INFO  com.iween.testCases.TC_01_AjayModi_Login - remote
2025-07-31 18:10:33 [main] INFO  com.iween.testCases.TC_01_AjayModi_Login - local browser
2025-07-31 18:10:34 [main] INFO  com.iween.testCases.TC_01_AjayModi_Login - chrome browser
2025-07-31 18:10:34 [main] INFO  com.iween.testCases.TC_01_AjayModi_Login - chrome browser arg
2025-07-31 18:10:34 [main] INFO  com.iween.testCases.TC_01_AjayModi_Login - local chrome browser driver
2025-07-31 18:10:34 [main] INFO  com.iween.testCases.TC_02_AjayModi_Login1 - Operating System: Windows
2025-07-31 18:10:34 [main] INFO  com.iween.testCases.TC_02_AjayModi_Login1 - Browser: chrome
2025-07-31 18:10:34 [main] INFO  com.iween.testCases.TC_02_AjayModi_Login1 - env
2025-07-31 18:10:34 [main] INFO  com.iween.testCases.TC_02_AjayModi_Login1 - remote
2025-07-31 18:10:34 [main] INFO  com.iween.testCases.TC_02_AjayModi_Login1 - local browser
2025-07-31 18:10:34 [main] INFO  com.iween.testCases.TC_02_AjayModi_Login1 - chrome browser
2025-07-31 18:10:34 [main] INFO  com.iween.testCases.TC_02_AjayModi_Login1 - chrome browser arg
2025-07-31 18:10:34 [main] INFO  com.iween.testCases.TC_02_AjayModi_Login1 - local chrome browser driver
2025-07-31 18:10:35 [main] INFO  com.iween.testCases.TC_03_AjayModi_Login3 - Operating System: Windows
2025-07-31 18:10:35 [main] INFO  com.iween.testCases.TC_03_AjayModi_Login3 - Browser: chrome
2025-07-31 18:10:35 [main] INFO  com.iween.testCases.TC_03_AjayModi_Login3 - env
2025-07-31 18:10:35 [main] INFO  com.iween.testCases.TC_03_AjayModi_Login3 - remote
2025-07-31 18:10:35 [main] INFO  com.iween.testCases.TC_03_AjayModi_Login3 - local browser
2025-07-31 18:10:35 [main] INFO  com.iween.testCases.TC_03_AjayModi_Login3 - chrome browser
2025-07-31 18:10:35 [main] INFO  com.iween.testCases.TC_03_AjayModi_Login3 - chrome browser arg
2025-07-31 18:10:35 [main] INFO  com.iween.testCases.TC_03_AjayModi_Login3 - local chrome browser driver
2025-07-31 18:13:06 [main] INFO  com.iween.testCases.TC_01_AjayModi_Login - Operating System: Windows
2025-07-31 18:13:06 [main] INFO  com.iween.testCases.TC_01_AjayModi_Login - Browser: chrome
2025-07-31 18:13:06 [main] INFO  com.iween.testCases.TC_01_AjayModi_Login - env
2025-07-31 18:13:06 [main] INFO  com.iween.testCases.TC_01_AjayModi_Login - remote
2025-07-31 18:13:06 [main] INFO  com.iween.testCases.TC_01_AjayModi_Login - local browser
2025-07-31 18:13:06 [main] INFO  com.iween.testCases.TC_01_AjayModi_Login - chrome browser
2025-07-31 18:13:06 [main] INFO  com.iween.testCases.TC_01_AjayModi_Login - chrome browser arg
2025-07-31 18:13:06 [main] INFO  com.iween.testCases.TC_01_AjayModi_Login - local chrome browser driver
2025-07-31 18:13:07 [main] INFO  com.iween.testCases.TC_02_AjayModi_Login1 - Operating System: Windows
2025-07-31 18:13:07 [main] INFO  com.iween.testCases.TC_02_AjayModi_Login1 - Browser: chrome
2025-07-31 18:13:07 [main] INFO  com.iween.testCases.TC_02_AjayModi_Login1 - env
2025-07-31 18:13:07 [main] INFO  com.iween.testCases.TC_02_AjayModi_Login1 - remote
2025-07-31 18:13:07 [main] INFO  com.iween.testCases.TC_02_AjayModi_Login1 - local browser
2025-07-31 18:13:07 [main] INFO  com.iween.testCases.TC_02_AjayModi_Login1 - chrome browser
2025-07-31 18:13:07 [main] INFO  com.iween.testCases.TC_02_AjayModi_Login1 - chrome browser arg
2025-07-31 18:13:07 [main] INFO  com.iween.testCases.TC_02_AjayModi_Login1 - local chrome browser driver
2025-07-31 18:13:07 [main] INFO  com.iween.testCases.TC_03_AjayModi_Login3 - Operating System: Windows
2025-07-31 18:13:07 [main] INFO  com.iween.testCases.TC_03_AjayModi_Login3 - Browser: chrome
2025-07-31 18:13:07 [main] INFO  com.iween.testCases.TC_03_AjayModi_Login3 - env
2025-07-31 18:13:07 [main] INFO  com.iween.testCases.TC_03_AjayModi_Login3 - remote
2025-07-31 18:13:07 [main] INFO  com.iween.testCases.TC_03_AjayModi_Login3 - local browser
2025-07-31 18:13:07 [main] INFO  com.iween.testCases.TC_03_AjayModi_Login3 - chrome browser
2025-07-31 18:13:07 [main] INFO  com.iween.testCases.TC_03_AjayModi_Login3 - chrome browser arg
2025-07-31 18:13:07 [main] INFO  com.iween.testCases.TC_03_AjayModi_Login3 - local chrome browser driver
2025-07-31 18:20:22 [main] INFO  com.iween.testCases.TC_01_AjayModi_Login - Operating System: Windows
2025-07-31 18:20:22 [main] INFO  com.iween.testCases.TC_01_AjayModi_Login - Browser: chrome
2025-07-31 18:20:23 [main] ERROR com.iween.testCases.TC_01_AjayModi_Login - WebDriver initialization failed: Could not start a new session. Response code 500. Message: session not created
from disconnected: unable to connect to renderer 
Host info: host: 'DESKTOP-SEE9OFQ', ip: '192.168.83.57'
Build info: version: '4.21.0', revision: '79ed462ef4'
System info: os.name: 'Windows 11', os.arch: 'amd64', os.version: '10.0', java.version: '21.0.7'
Driver info: org.openqa.selenium.chrome.ChromeDriver
Command: [null, newSession {capabilities=[Capabilities {browserName: chrome, goog:chromeOptions: {args: [--no-sandbox, --disable-dev-shm-usage, --disable-gpu, --disable-extensions, --remote-debugging-port=9222, --headless], excludeSwitches: [enable-automation], extensions: [], useAutomationExtension: false}}]}]
org.openqa.selenium.SessionNotCreatedException: Could not start a new session. Response code 500. Message: session not created
from disconnected: unable to connect to renderer 
Host info: host: 'DESKTOP-SEE9OFQ', ip: '192.168.83.57'
Build info: version: '4.21.0', revision: '79ed462ef4'
System info: os.name: 'Windows 11', os.arch: 'amd64', os.version: '10.0', java.version: '21.0.7'
Driver info: org.openqa.selenium.chrome.ChromeDriver
Command: [null, newSession {capabilities=[Capabilities {browserName: chrome, goog:chromeOptions: {args: [--no-sandbox, --disable-dev-shm-usage, --disable-gpu, --disable-extensions, --remote-debugging-port=9222, --headless], excludeSwitches: [enable-automation], extensions: [], useAutomationExtension: false}}]}]
	at org.openqa.selenium.remote.ProtocolHandshake.createSession(ProtocolHandshake.java:114) ~[selenium-remote-driver-4.21.0.jar:?]
	at org.openqa.selenium.remote.ProtocolHandshake.createSession(ProtocolHandshake.java:75) ~[selenium-remote-driver-4.21.0.jar:?]
	at org.openqa.selenium.remote.ProtocolHandshake.createSession(ProtocolHandshake.java:61) ~[selenium-remote-driver-4.21.0.jar:?]
	at org.openqa.selenium.remote.HttpCommandExecutor.execute(HttpCommandExecutor.java:162) ~[selenium-remote-driver-4.21.0.jar:?]
	at org.openqa.selenium.remote.service.DriverCommandExecutor.invokeExecute(DriverCommandExecutor.java:216) ~[selenium-remote-driver-4.21.0.jar:?]
	at org.openqa.selenium.remote.service.DriverCommandExecutor.execute(DriverCommandExecutor.java:174) ~[selenium-remote-driver-4.21.0.jar:?]
	at org.openqa.selenium.remote.RemoteWebDriver.execute(RemoteWebDriver.java:518) ~[selenium-remote-driver-4.21.0.jar:?]
	at org.openqa.selenium.remote.RemoteWebDriver.startSession(RemoteWebDriver.java:232) ~[selenium-remote-driver-4.21.0.jar:?]
	at org.openqa.selenium.remote.RemoteWebDriver.<init>(RemoteWebDriver.java:161) ~[selenium-remote-driver-4.21.0.jar:?]
	at org.openqa.selenium.chromium.ChromiumDriver.<init>(ChromiumDriver.java:114) ~[selenium-chromium-driver-4.21.0.jar:?]
	at org.openqa.selenium.chrome.ChromeDriver.<init>(ChromeDriver.java:88) ~[selenium-chrome-driver-4.21.0.jar:?]
	at org.openqa.selenium.chrome.ChromeDriver.<init>(ChromeDriver.java:83) ~[selenium-chrome-driver-4.21.0.jar:?]
	at org.openqa.selenium.chrome.ChromeDriver.<init>(ChromeDriver.java:72) ~[selenium-chrome-driver-4.21.0.jar:?]
	at com.iween.testBase.baseClass.setup(baseClass.java:922) ~[test-classes/:?]
	at java.base/jdk.internal.reflect.DirectMethodHandleAccessor.invoke(DirectMethodHandleAccessor.java:103) ~[?:?]
	at java.base/java.lang.reflect.Method.invoke(Method.java:580) ~[?:?]
	at org.testng.internal.invokers.MethodInvocationHelper.invokeMethod(MethodInvocationHelper.java:141) ~[org.testng_7.11.0.r202503091654.jar:7.11.0]
	at org.testng.internal.invokers.MethodInvocationHelper.invokeMethodConsideringTimeout(MethodInvocationHelper.java:71) ~[org.testng_7.11.0.r202503091654.jar:7.11.0]
	at org.testng.internal.invokers.ConfigInvoker.invokeConfigurationMethod(ConfigInvoker.java:400) ~[org.testng_7.11.0.r202503091654.jar:7.11.0]
	at org.testng.internal.invokers.ConfigInvoker.invokeConfigurations(ConfigInvoker.java:333) ~[org.testng_7.11.0.r202503091654.jar:7.11.0]
	at org.testng.internal.invokers.TestInvoker.runConfigMethods(TestInvoker.java:836) ~[org.testng_7.11.0.r202503091654.jar:7.11.0]
	at org.testng.internal.invokers.TestInvoker.invokeMethod(TestInvoker.java:601) ~[org.testng_7.11.0.r202503091654.jar:7.11.0]
	at org.testng.internal.invokers.TestInvoker.invokeTestMethod(TestInvoker.java:230) ~[org.testng_7.11.0.r202503091654.jar:7.11.0]
	at org.testng.internal.invokers.MethodRunner.runInSequence(MethodRunner.java:63) ~[org.testng_7.11.0.r202503091654.jar:7.11.0]
	at org.testng.internal.invokers.TestInvoker$MethodInvocationAgent.invoke(TestInvoker.java:995) ~[org.testng_7.11.0.r202503091654.jar:7.11.0]
	at org.testng.internal.invokers.TestInvoker.invokeTestMethods(TestInvoker.java:203) ~[org.testng_7.11.0.r202503091654.jar:7.11.0]
	at org.testng.internal.invokers.TestMethodWorker.invokeTestMethods(TestMethodWorker.java:154) ~[org.testng_7.11.0.r202503091654.jar:7.11.0]
	at org.testng.internal.invokers.TestMethodWorker.run(TestMethodWorker.java:134) ~[org.testng_7.11.0.r202503091654.jar:7.11.0]
	at java.base/java.util.ArrayList.forEach(ArrayList.java:1596) [?:?]
	at org.testng.TestRunner.privateRun(TestRunner.java:741) [org.testng_7.11.0.r202503091654.jar:7.11.0]
	at org.testng.TestRunner.run(TestRunner.java:616) [org.testng_7.11.0.r202503091654.jar:7.11.0]
	at org.testng.SuiteRunner.runTest(SuiteRunner.java:421) [org.testng_7.11.0.r202503091654.jar:7.11.0]
	at org.testng.SuiteRunner.runSequentially(SuiteRunner.java:413) [org.testng_7.11.0.r202503091654.jar:7.11.0]
	at org.testng.SuiteRunner.privateRun(SuiteRunner.java:373) [org.testng_7.11.0.r202503091654.jar:7.11.0]
	at org.testng.SuiteRunner.run(SuiteRunner.java:312) [org.testng_7.11.0.r202503091654.jar:7.11.0]
	at org.testng.SuiteRunnerWorker.runSuite(SuiteRunnerWorker.java:52) [org.testng_7.11.0.r202503091654.jar:7.11.0]
	at org.testng.SuiteRunnerWorker.run(SuiteRunnerWorker.java:95) [org.testng_7.11.0.r202503091654.jar:7.11.0]
	at org.testng.TestNG.runSuitesSequentially(TestNG.java:1274) [org.testng_7.11.0.r202503091654.jar:7.11.0]
	at org.testng.TestNG.runSuitesLocally(TestNG.java:1208) [org.testng_7.11.0.r202503091654.jar:7.11.0]
	at org.testng.TestNG.runSuites(TestNG.java:1112) [org.testng_7.11.0.r202503091654.jar:7.11.0]
	at org.testng.TestNG.run(TestNG.java:1079) [org.testng_7.11.0.r202503091654.jar:7.11.0]
	at org.testng.remote.AbstractRemoteTestNG.run(AbstractRemoteTestNG.java:115) [testng-remote.jar:?]
	at org.testng.remote.RemoteTestNG.initAndRun(RemoteTestNG.java:293) [testng-remote.jar:?]
	at org.testng.remote.RemoteTestNG.main(RemoteTestNG.java:91) [testng-remote.jar:?]
2025-07-31 18:20:24 [main] INFO  com.iween.testCases.TC_02_AjayModi_Login1 - Operating System: Windows
2025-07-31 18:20:24 [main] INFO  com.iween.testCases.TC_02_AjayModi_Login1 - Browser: chrome
2025-07-31 18:20:24 [main] ERROR com.iween.testCases.TC_02_AjayModi_Login1 - WebDriver initialization failed: Could not start a new session. Response code 500. Message: session not created
from disconnected: unable to connect to renderer 
Host info: host: 'DESKTOP-SEE9OFQ', ip: '192.168.83.57'
Build info: version: '4.21.0', revision: '79ed462ef4'
System info: os.name: 'Windows 11', os.arch: 'amd64', os.version: '10.0', java.version: '21.0.7'
Driver info: org.openqa.selenium.chrome.ChromeDriver
Command: [null, newSession {capabilities=[Capabilities {browserName: chrome, goog:chromeOptions: {args: [--no-sandbox, --disable-dev-shm-usage, --disable-gpu, --disable-extensions, --remote-debugging-port=9222, --headless], excludeSwitches: [enable-automation], extensions: [], useAutomationExtension: false}}]}]
org.openqa.selenium.SessionNotCreatedException: Could not start a new session. Response code 500. Message: session not created
from disconnected: unable to connect to renderer 
Host info: host: 'DESKTOP-SEE9OFQ', ip: '192.168.83.57'
Build info: version: '4.21.0', revision: '79ed462ef4'
System info: os.name: 'Windows 11', os.arch: 'amd64', os.version: '10.0', java.version: '21.0.7'
Driver info: org.openqa.selenium.chrome.ChromeDriver
Command: [null, newSession {capabilities=[Capabilities {browserName: chrome, goog:chromeOptions: {args: [--no-sandbox, --disable-dev-shm-usage, --disable-gpu, --disable-extensions, --remote-debugging-port=9222, --headless], excludeSwitches: [enable-automation], extensions: [], useAutomationExtension: false}}]}]
	at org.openqa.selenium.remote.ProtocolHandshake.createSession(ProtocolHandshake.java:114) ~[selenium-remote-driver-4.21.0.jar:?]
	at org.openqa.selenium.remote.ProtocolHandshake.createSession(ProtocolHandshake.java:75) ~[selenium-remote-driver-4.21.0.jar:?]
	at org.openqa.selenium.remote.ProtocolHandshake.createSession(ProtocolHandshake.java:61) ~[selenium-remote-driver-4.21.0.jar:?]
	at org.openqa.selenium.remote.HttpCommandExecutor.execute(HttpCommandExecutor.java:162) ~[selenium-remote-driver-4.21.0.jar:?]
	at org.openqa.selenium.remote.service.DriverCommandExecutor.invokeExecute(DriverCommandExecutor.java:216) ~[selenium-remote-driver-4.21.0.jar:?]
	at org.openqa.selenium.remote.service.DriverCommandExecutor.execute(DriverCommandExecutor.java:174) ~[selenium-remote-driver-4.21.0.jar:?]
	at org.openqa.selenium.remote.RemoteWebDriver.execute(RemoteWebDriver.java:518) ~[selenium-remote-driver-4.21.0.jar:?]
	at org.openqa.selenium.remote.RemoteWebDriver.startSession(RemoteWebDriver.java:232) ~[selenium-remote-driver-4.21.0.jar:?]
	at org.openqa.selenium.remote.RemoteWebDriver.<init>(RemoteWebDriver.java:161) ~[selenium-remote-driver-4.21.0.jar:?]
	at org.openqa.selenium.chromium.ChromiumDriver.<init>(ChromiumDriver.java:114) ~[selenium-chromium-driver-4.21.0.jar:?]
	at org.openqa.selenium.chrome.ChromeDriver.<init>(ChromeDriver.java:88) ~[selenium-chrome-driver-4.21.0.jar:?]
	at org.openqa.selenium.chrome.ChromeDriver.<init>(ChromeDriver.java:83) ~[selenium-chrome-driver-4.21.0.jar:?]
	at org.openqa.selenium.chrome.ChromeDriver.<init>(ChromeDriver.java:72) ~[selenium-chrome-driver-4.21.0.jar:?]
	at com.iween.testBase.baseClass.setup(baseClass.java:922) ~[test-classes/:?]
	at java.base/jdk.internal.reflect.DirectMethodHandleAccessor.invoke(DirectMethodHandleAccessor.java:103) ~[?:?]
	at java.base/java.lang.reflect.Method.invoke(Method.java:580) ~[?:?]
	at org.testng.internal.invokers.MethodInvocationHelper.invokeMethod(MethodInvocationHelper.java:141) ~[org.testng_7.11.0.r202503091654.jar:7.11.0]
	at org.testng.internal.invokers.MethodInvocationHelper.invokeMethodConsideringTimeout(MethodInvocationHelper.java:71) ~[org.testng_7.11.0.r202503091654.jar:7.11.0]
	at org.testng.internal.invokers.ConfigInvoker.invokeConfigurationMethod(ConfigInvoker.java:400) ~[org.testng_7.11.0.r202503091654.jar:7.11.0]
	at org.testng.internal.invokers.ConfigInvoker.invokeConfigurations(ConfigInvoker.java:333) ~[org.testng_7.11.0.r202503091654.jar:7.11.0]
	at org.testng.internal.invokers.TestInvoker.runConfigMethods(TestInvoker.java:836) ~[org.testng_7.11.0.r202503091654.jar:7.11.0]
	at org.testng.internal.invokers.TestInvoker.invokeMethod(TestInvoker.java:601) ~[org.testng_7.11.0.r202503091654.jar:7.11.0]
	at org.testng.internal.invokers.TestInvoker.invokeTestMethod(TestInvoker.java:230) ~[org.testng_7.11.0.r202503091654.jar:7.11.0]
	at org.testng.internal.invokers.MethodRunner.runInSequence(MethodRunner.java:63) ~[org.testng_7.11.0.r202503091654.jar:7.11.0]
	at org.testng.internal.invokers.TestInvoker$MethodInvocationAgent.invoke(TestInvoker.java:995) ~[org.testng_7.11.0.r202503091654.jar:7.11.0]
	at org.testng.internal.invokers.TestInvoker.invokeTestMethods(TestInvoker.java:203) ~[org.testng_7.11.0.r202503091654.jar:7.11.0]
	at org.testng.internal.invokers.TestMethodWorker.invokeTestMethods(TestMethodWorker.java:154) ~[org.testng_7.11.0.r202503091654.jar:7.11.0]
	at org.testng.internal.invokers.TestMethodWorker.run(TestMethodWorker.java:134) ~[org.testng_7.11.0.r202503091654.jar:7.11.0]
	at java.base/java.util.ArrayList.forEach(ArrayList.java:1596) [?:?]
	at org.testng.TestRunner.privateRun(TestRunner.java:741) [org.testng_7.11.0.r202503091654.jar:7.11.0]
	at org.testng.TestRunner.run(TestRunner.java:616) [org.testng_7.11.0.r202503091654.jar:7.11.0]
	at org.testng.SuiteRunner.runTest(SuiteRunner.java:421) [org.testng_7.11.0.r202503091654.jar:7.11.0]
	at org.testng.SuiteRunner.runSequentially(SuiteRunner.java:413) [org.testng_7.11.0.r202503091654.jar:7.11.0]
	at org.testng.SuiteRunner.privateRun(SuiteRunner.java:373) [org.testng_7.11.0.r202503091654.jar:7.11.0]
	at org.testng.SuiteRunner.run(SuiteRunner.java:312) [org.testng_7.11.0.r202503091654.jar:7.11.0]
	at org.testng.SuiteRunnerWorker.runSuite(SuiteRunnerWorker.java:52) [org.testng_7.11.0.r202503091654.jar:7.11.0]
	at org.testng.SuiteRunnerWorker.run(SuiteRunnerWorker.java:95) [org.testng_7.11.0.r202503091654.jar:7.11.0]
	at org.testng.TestNG.runSuitesSequentially(TestNG.java:1274) [org.testng_7.11.0.r202503091654.jar:7.11.0]
	at org.testng.TestNG.runSuitesLocally(TestNG.java:1208) [org.testng_7.11.0.r202503091654.jar:7.11.0]
	at org.testng.TestNG.runSuites(TestNG.java:1112) [org.testng_7.11.0.r202503091654.jar:7.11.0]
	at org.testng.TestNG.run(TestNG.java:1079) [org.testng_7.11.0.r202503091654.jar:7.11.0]
	at org.testng.remote.AbstractRemoteTestNG.run(AbstractRemoteTestNG.java:115) [testng-remote.jar:?]
	at org.testng.remote.RemoteTestNG.initAndRun(RemoteTestNG.java:293) [testng-remote.jar:?]
	at org.testng.remote.RemoteTestNG.main(RemoteTestNG.java:91) [testng-remote.jar:?]
2025-07-31 18:20:24 [main] INFO  com.iween.testCases.TC_03_AjayModi_Login3 - Operating System: Windows
2025-07-31 18:20:24 [main] INFO  com.iween.testCases.TC_03_AjayModi_Login3 - Browser: chrome
2025-07-31 18:20:25 [main] ERROR com.iween.testCases.TC_03_AjayModi_Login3 - WebDriver initialization failed: Could not start a new session. Response code 500. Message: session not created
from disconnected: unable to connect to renderer 
Host info: host: 'DESKTOP-SEE9OFQ', ip: '192.168.83.57'
Build info: version: '4.21.0', revision: '79ed462ef4'
System info: os.name: 'Windows 11', os.arch: 'amd64', os.version: '10.0', java.version: '21.0.7'
Driver info: org.openqa.selenium.chrome.ChromeDriver
Command: [null, newSession {capabilities=[Capabilities {browserName: chrome, goog:chromeOptions: {args: [--no-sandbox, --disable-dev-shm-usage, --disable-gpu, --disable-extensions, --remote-debugging-port=9222, --headless], excludeSwitches: [enable-automation], extensions: [], useAutomationExtension: false}}]}]
org.openqa.selenium.SessionNotCreatedException: Could not start a new session. Response code 500. Message: session not created
from disconnected: unable to connect to renderer 
Host info: host: 'DESKTOP-SEE9OFQ', ip: '192.168.83.57'
Build info: version: '4.21.0', revision: '79ed462ef4'
System info: os.name: 'Windows 11', os.arch: 'amd64', os.version: '10.0', java.version: '21.0.7'
Driver info: org.openqa.selenium.chrome.ChromeDriver
Command: [null, newSession {capabilities=[Capabilities {browserName: chrome, goog:chromeOptions: {args: [--no-sandbox, --disable-dev-shm-usage, --disable-gpu, --disable-extensions, --remote-debugging-port=9222, --headless], excludeSwitches: [enable-automation], extensions: [], useAutomationExtension: false}}]}]
	at org.openqa.selenium.remote.ProtocolHandshake.createSession(ProtocolHandshake.java:114) ~[selenium-remote-driver-4.21.0.jar:?]
	at org.openqa.selenium.remote.ProtocolHandshake.createSession(ProtocolHandshake.java:75) ~[selenium-remote-driver-4.21.0.jar:?]
	at org.openqa.selenium.remote.ProtocolHandshake.createSession(ProtocolHandshake.java:61) ~[selenium-remote-driver-4.21.0.jar:?]
	at org.openqa.selenium.remote.HttpCommandExecutor.execute(HttpCommandExecutor.java:162) ~[selenium-remote-driver-4.21.0.jar:?]
	at org.openqa.selenium.remote.service.DriverCommandExecutor.invokeExecute(DriverCommandExecutor.java:216) ~[selenium-remote-driver-4.21.0.jar:?]
	at org.openqa.selenium.remote.service.DriverCommandExecutor.execute(DriverCommandExecutor.java:174) ~[selenium-remote-driver-4.21.0.jar:?]
	at org.openqa.selenium.remote.RemoteWebDriver.execute(RemoteWebDriver.java:518) ~[selenium-remote-driver-4.21.0.jar:?]
	at org.openqa.selenium.remote.RemoteWebDriver.startSession(RemoteWebDriver.java:232) ~[selenium-remote-driver-4.21.0.jar:?]
	at org.openqa.selenium.remote.RemoteWebDriver.<init>(RemoteWebDriver.java:161) ~[selenium-remote-driver-4.21.0.jar:?]
	at org.openqa.selenium.chromium.ChromiumDriver.<init>(ChromiumDriver.java:114) ~[selenium-chromium-driver-4.21.0.jar:?]
	at org.openqa.selenium.chrome.ChromeDriver.<init>(ChromeDriver.java:88) ~[selenium-chrome-driver-4.21.0.jar:?]
	at org.openqa.selenium.chrome.ChromeDriver.<init>(ChromeDriver.java:83) ~[selenium-chrome-driver-4.21.0.jar:?]
	at org.openqa.selenium.chrome.ChromeDriver.<init>(ChromeDriver.java:72) ~[selenium-chrome-driver-4.21.0.jar:?]
	at com.iween.testBase.baseClass.setup(baseClass.java:922) ~[test-classes/:?]
	at java.base/jdk.internal.reflect.DirectMethodHandleAccessor.invoke(DirectMethodHandleAccessor.java:103) ~[?:?]
	at java.base/java.lang.reflect.Method.invoke(Method.java:580) ~[?:?]
	at org.testng.internal.invokers.MethodInvocationHelper.invokeMethod(MethodInvocationHelper.java:141) ~[org.testng_7.11.0.r202503091654.jar:7.11.0]
	at org.testng.internal.invokers.MethodInvocationHelper.invokeMethodConsideringTimeout(MethodInvocationHelper.java:71) ~[org.testng_7.11.0.r202503091654.jar:7.11.0]
	at org.testng.internal.invokers.ConfigInvoker.invokeConfigurationMethod(ConfigInvoker.java:400) ~[org.testng_7.11.0.r202503091654.jar:7.11.0]
	at org.testng.internal.invokers.ConfigInvoker.invokeConfigurations(ConfigInvoker.java:333) ~[org.testng_7.11.0.r202503091654.jar:7.11.0]
	at org.testng.internal.invokers.TestInvoker.runConfigMethods(TestInvoker.java:836) ~[org.testng_7.11.0.r202503091654.jar:7.11.0]
	at org.testng.internal.invokers.TestInvoker.invokeMethod(TestInvoker.java:601) ~[org.testng_7.11.0.r202503091654.jar:7.11.0]
	at org.testng.internal.invokers.TestInvoker.invokeTestMethod(TestInvoker.java:230) ~[org.testng_7.11.0.r202503091654.jar:7.11.0]
	at org.testng.internal.invokers.MethodRunner.runInSequence(MethodRunner.java:63) ~[org.testng_7.11.0.r202503091654.jar:7.11.0]
	at org.testng.internal.invokers.TestInvoker$MethodInvocationAgent.invoke(TestInvoker.java:995) ~[org.testng_7.11.0.r202503091654.jar:7.11.0]
	at org.testng.internal.invokers.TestInvoker.invokeTestMethods(TestInvoker.java:203) ~[org.testng_7.11.0.r202503091654.jar:7.11.0]
	at org.testng.internal.invokers.TestMethodWorker.invokeTestMethods(TestMethodWorker.java:154) ~[org.testng_7.11.0.r202503091654.jar:7.11.0]
	at org.testng.internal.invokers.TestMethodWorker.run(TestMethodWorker.java:134) ~[org.testng_7.11.0.r202503091654.jar:7.11.0]
	at java.base/java.util.ArrayList.forEach(ArrayList.java:1596) [?:?]
	at org.testng.TestRunner.privateRun(TestRunner.java:741) [org.testng_7.11.0.r202503091654.jar:7.11.0]
	at org.testng.TestRunner.run(TestRunner.java:616) [org.testng_7.11.0.r202503091654.jar:7.11.0]
	at org.testng.SuiteRunner.runTest(SuiteRunner.java:421) [org.testng_7.11.0.r202503091654.jar:7.11.0]
	at org.testng.SuiteRunner.runSequentially(SuiteRunner.java:413) [org.testng_7.11.0.r202503091654.jar:7.11.0]
	at org.testng.SuiteRunner.privateRun(SuiteRunner.java:373) [org.testng_7.11.0.r202503091654.jar:7.11.0]
	at org.testng.SuiteRunner.run(SuiteRunner.java:312) [org.testng_7.11.0.r202503091654.jar:7.11.0]
	at org.testng.SuiteRunnerWorker.runSuite(SuiteRunnerWorker.java:52) [org.testng_7.11.0.r202503091654.jar:7.11.0]
	at org.testng.SuiteRunnerWorker.run(SuiteRunnerWorker.java:95) [org.testng_7.11.0.r202503091654.jar:7.11.0]
	at org.testng.TestNG.runSuitesSequentially(TestNG.java:1274) [org.testng_7.11.0.r202503091654.jar:7.11.0]
	at org.testng.TestNG.runSuitesLocally(TestNG.java:1208) [org.testng_7.11.0.r202503091654.jar:7.11.0]
	at org.testng.TestNG.runSuites(TestNG.java:1112) [org.testng_7.11.0.r202503091654.jar:7.11.0]
	at org.testng.TestNG.run(TestNG.java:1079) [org.testng_7.11.0.r202503091654.jar:7.11.0]
	at org.testng.remote.AbstractRemoteTestNG.run(AbstractRemoteTestNG.java:115) [testng-remote.jar:?]
	at org.testng.remote.RemoteTestNG.initAndRun(RemoteTestNG.java:293) [testng-remote.jar:?]
	at org.testng.remote.RemoteTestNG.main(RemoteTestNG.java:91) [testng-remote.jar:?]
2025-07-31 18:29:38 [main] INFO  com.iween.testCases.TC_01_AjayModi_Login - Running on environment: local
2025-07-31 18:29:38 [main] INFO  com.iween.testCases.TC_01_AjayModi_Login - Operating System: Windows, Browser: chrome
2025-07-31 18:29:40 [main] INFO  com.iween.testCases.TC_01_AjayModi_Login - URL launched: https://air.ajaymodi.pro/login
2025-07-31 18:29:40 [main] INFO  com.iween.testCases.TC_01_AjayModi_Login - user name and password entering
2025-07-31 18:29:44 [main] INFO  com.iween.testCases.TC_01_AjayModi_Login - user name password entering
2025-07-31 18:29:44 [main] INFO  com.iween.testCases.TC_01_AjayModi_Login - Closing browser.
2025-07-31 18:29:44 [main] INFO  com.iween.testCases.TC_02_AjayModi_Login1 - Running on environment: local
2025-07-31 18:29:44 [main] INFO  com.iween.testCases.TC_02_AjayModi_Login1 - Operating System: Windows, Browser: chrome
2025-07-31 18:29:45 [main] INFO  com.iween.testCases.TC_02_AjayModi_Login1 - URL launched: https://air.ajaymodi.pro/login
2025-07-31 18:29:49 [main] INFO  com.iween.testCases.TC_02_AjayModi_Login1 - Closing browser.
2025-07-31 18:29:49 [main] INFO  com.iween.testCases.TC_03_AjayModi_Login3 - Running on environment: local
2025-07-31 18:29:49 [main] INFO  com.iween.testCases.TC_03_AjayModi_Login3 - Operating System: Windows, Browser: chrome
2025-07-31 18:29:50 [main] INFO  com.iween.testCases.TC_03_AjayModi_Login3 - URL launched: https://air.ajaymodi.pro/login
2025-07-31 18:29:54 [main] INFO  com.iween.testCases.TC_03_AjayModi_Login3 - Closing browser.
